<?xml version="1.0" encoding="UTF-8"?>
<!-- Generated by org.testng.reporters.JUnitReportReporter -->
<testsuite hostname="Sul_Ferdous" failures="0" tests="5" name="stepsB.RunnerFileStepB" time="0.169" errors="0" timestamp="2022-12-03T18:30:50 EST" skipped="5">
  <testcase classname="stepsB.RunnerFileStepB" name="runScenario" time="0.006">
    <skipped/>
  </testcase> <!-- runScenario -->
  <testcase classname="stepsB.RunnerFileStepB" name="runScenario" time="0.004">
    <skipped/>
  </testcase> <!-- runScenario -->
  <testcase classname="stepsB.RunnerFileStepB" name="runScenario" time="0.147">
    <skipped/>
  </testcase> <!-- runScenario -->
  <testcase classname="stepsB.RunnerFileStepB" name="runScenario" time="0.005">
    <skipped/>
  </testcase> <!-- runScenario -->
  <testcase classname="stepsB.RunnerFileStepB" name="runScenario" time="0.007">
    <skipped/>
  </testcase> <!-- runScenario -->
</testsuite> <!-- stepsB.RunnerFileStepB -->
